<?xml version="1.0" encoding="UTF-8"?>
<!-- Generated by org.testng.reporters.JUnitXMLReporter -->
<testsuite hostname="Admin-PC" ignored="0" name="firefoxTest" tests="2" failures="1" timestamp="23 Nov 2018 03:05:13 GMT" time="37.157" errors="0">
  <testcase name="loginscript" time="1.876" classname="Scripts.login"/>
  <testcase name="test3" time="2.683" classname="Scripts.Users">
    <failure type="org.openqa.selenium.ElementClickInterceptedException" message="Element &amp;lt;a class=&amp;quot;content users&amp;quot; href=&amp;quot;/administration/userlist.do&amp;quot;&amp;gt; is not clickable at point (704.5,41.5) because another element &amp;lt;div id=&amp;quot;preInsertedTransformedMoireId&amp;quot; class=&amp;quot;transformedMoireClass&amp;quot;&amp;gt; obscures it
Build info: version: &amp;apos;3.14.0&amp;apos;, revision: &amp;apos;aacccce0&amp;apos;, time: &amp;apos;2018-08-02T20:13:22.693Z&amp;apos;
System info: host: &amp;apos;ADMIN-PC&amp;apos;, ip: &amp;apos;192.168.1.3&amp;apos;, os.name: &amp;apos;Windows 7&amp;apos;, os.arch: &amp;apos;amd64&amp;apos;, os.version: &amp;apos;6.1&amp;apos;, java.version: &amp;apos;1.8.0_131&amp;apos;
Driver info: org.openqa.selenium.firefox.FirefoxDriver
Capabilities {acceptInsecureCerts: true, browserName: firefox, browserVersion: 62.0.3, javascriptEnabled: true, moz:accessibilityChecks: false, moz:geckodriverVersion: 0.23.0, moz:headless: false, moz:processID: 924, moz:profile: C:\Users\Faculty-pc\AppData..., moz:useNonSpecCompliantPointerOrigin: false, moz:webdriverClick: true, pageLoadStrategy: normal, platform: XP, platformName: XP, platformVersion: 6.1, rotatable: false, timeouts: {implicit: 0, pageLoad: 300000, script: 30000}}
Session ID: e8bda4aa-4f3f-4f8e-9f93-bf2d575a1eb0">
      <![CDATA[org.openqa.selenium.ElementClickInterceptedException: Element <a class="content users" href="/administration/userlist.do"> is not clickable at point (704.5,41.5) because another element <div id="preInsertedTransformedMoireId" class="transformedMoireClass"> obscures it
Build info: version: '3.14.0', revision: 'aacccce0', time: '2018-08-02T20:13:22.693Z'
System info: host: 'ADMIN-PC', ip: '192.168.1.3', os.name: 'Windows 7', os.arch: 'amd64', os.version: '6.1', java.version: '1.8.0_131'
Driver info: org.openqa.selenium.firefox.FirefoxDriver
Capabilities {acceptInsecureCerts: true, browserName: firefox, browserVersion: 62.0.3, javascriptEnabled: true, moz:accessibilityChecks: false, moz:geckodriverVersion: 0.23.0, moz:headless: false, moz:processID: 924, moz:profile: C:\Users\Faculty-pc\AppData..., moz:useNonSpecCompliantPointerOrigin: false, moz:webdriverClick: true, pageLoadStrategy: normal, platform: XP, platformName: XP, platformVersion: 6.1, rotatable: false, timeouts: {implicit: 0, pageLoad: 300000, script: 30000}}
Session ID: e8bda4aa-4f3f-4f8e-9f93-bf2d575a1eb0
at org.openqa.selenium.remote.http.W3CHttpResponseCodec.createException(W3CHttpResponseCodec.java:187)
at org.openqa.selenium.remote.http.W3CHttpResponseCodec.decode(W3CHttpResponseCodec.java:122)
at org.openqa.selenium.remote.http.W3CHttpResponseCodec.decode(W3CHttpResponseCodec.java:49)
at org.openqa.selenium.remote.HttpCommandExecutor.execute(HttpCommandExecutor.java:158)
at org.openqa.selenium.remote.service.DriverCommandExecutor.execute(DriverCommandExecutor.java:83)
at org.openqa.selenium.remote.RemoteWebDriver.execute(RemoteWebDriver.java:548)
at org.openqa.selenium.remote.RemoteWebElement.execute(RemoteWebElement.java:276)
at org.openqa.selenium.remote.RemoteWebElement.click(RemoteWebElement.java:83)
at org.openqa.selenium.support.pagefactory.internal.LocatingElementHandler.invoke(LocatingElementHandler.java:51)
at com.sun.proxy.$Proxy10.click(Unknown Source)
at POM.Enter_Time_Track.clickusers(Enter_Time_Track.java:30)
at Scripts.Users.test3(Users.java:20)
at java.util.concurrent.FutureTask.run(FutureTask.java:266)
at java.util.concurrent.ThreadPoolExecutor.runWorker(ThreadPoolExecutor.java:1142)
at java.util.concurrent.ThreadPoolExecutor$Worker.run(ThreadPoolExecutor.java:617)
at java.lang.Thread.run(Thread.java:748)
... Removed 24 stack frames]]>
    </failure>
  </testcase> <!-- test3 -->
</testsuite> <!-- firefoxTest -->
